2019-11-06 17:15:46,929 - WARNING -Leo : scaleModel:找不到對應檔案
2019-11-06 17:15:47,095 - INFO -Leo : model PCA created successfully, cost time: 0:00:00.156242 seconds ---
2019-11-06 17:15:47,283 - INFO -Leo : model OneClassSVM created successfully, cost time: 0:00:00.171859 seconds ---
2019-11-08 11:44:14,632 - INFO -Leo : model PCA created successfully, cost time: 0:00:00.202753 seconds ---
2019-11-08 11:44:14,807 - INFO -Leo : model OneClassSVM created successfully, cost time: 0:00:00.173999 seconds ---
2019-11-08 11:47:16,013 - INFO -Leo : model PCA created successfully, cost time: 0:00:00.104999 seconds ---
2019-11-08 11:47:16,188 - INFO -Leo : model OneClassSVM created successfully, cost time: 0:00:00.164002 seconds ---
2019-11-12 10:46:05,979 - ERROR -Leo : 'nuVal1'
2019-11-12 10:54:53,876 - ERROR -Leo : File "C:\software_installed\Anaconda3\lib\configparser.py", line 1233, in __getitem__: [KeyError] nuVal1
2019-11-12 11:10:50,996 - ERROR -Leo : File "C:\software_installed\Anaconda3\lib\configparser.py", line 1233, in __getitem__: [KeyError] nuVal1
2019-11-12 11:13:32,175 - ERROR -Leo : File "C:\software_installed\Anaconda3\lib\configparser.py", line 1233, in __getitem__: [KeyError] nuVal1
2019-11-12 11:14:25,393 - ERROR -Leo : File "C:\ACS\AI7000\Project\IncineratorMotor\code\spyderVibrated\algorithmCollection\PCAAlg.py", line 28, in <listcomp>: [AttributeError] 'str' object has no attribute 'dot'
2019-11-12 11:15:39,243 - ERROR -Leo : File "C:\ACS\AI7000\Project\IncineratorMotor\code\spyderVibrated\algorithmProcess\OneClassSVMProcess.py", line 16, in OneClassSVMProcess: [KeyError] nuVal1
2019-11-12 11:20:13,380 - ERROR -Leo : File "C:\ACS\AI7000\Project\IncineratorMotor\code\spyderVibrated\algorithmCollection\OneClassSVMAlg.py", line 17, in OneClassSVMAlg: [NameError] name 'datetime' is not defined
2019-11-12 13:35:46,887 - ERROR -Leo : File "C:\ACS\AI7000\Project\IncineratorMotor\code\spyderVibrated\algorithmCollection\PCAAlg.py", line 30, in PCAAlg: [AttributeError] 'str' object has no attribute 'dot'
2019-11-12 13:35:46,887 - ERROR -Leo : File "C:\ACS\AI7000\Project\IncineratorMotor\code\spyderVibrated\algorithmProcess\PCAProcess.py", line 33, in PCAProcess: [TypeError] 'NoneType' object is not iterable
2019-11-12 13:35:47,079 - INFO -Leo : model OneClassSVM created successfully, cost time: 0:00:00.191864 seconds ---
2019-11-12 15:28:26,994 - WARNING -Leo : .\model\scaleModel.pickle: could not find correspond file
2019-11-12 15:28:27,043 - ERROR -Leo : File "C:\ACS\AI7000\Project\IncineratorMotor\code\spyderVibrated\algorithmCollection\PCAAlg.py", line 30, in PCAAlg: [AttributeError] 'str' object has no attribute 'dot'
2019-11-12 15:28:27,044 - ERROR -Leo : File "C:\ACS\AI7000\Project\IncineratorMotor\code\spyderVibrated\algorithmProcess\PCAProcess.py", line 33, in PCAProcess: [TypeError] 'NoneType' object is not iterable
2019-11-12 15:32:53,420 - WARNING -Leo : .\model\scaleModel.pickle: could not find correspond file
2019-11-12 15:32:53,534 - INFO -Leo : model PCA created successfully, cost time: 0:00:00.102002 seconds ---
2019-11-12 15:38:41,060 - WARNING -Leo : .\model\scaleModel.pickle: could not find correspond file
2019-11-12 15:38:41,193 - INFO -Leo : model PCA created successfully, cost time: 0:00:00.116595 seconds ---
2019-11-12 15:41:31,677 - INFO -Leo : model OneClassSVM created successfully, cost time: 0:00:00.140635 seconds ---
2020-01-16 11:19:18,181 - INFO -Leo : model PCA created successfully, cost time: 0:00:00.140624 seconds ---
2020-01-16 11:19:18,369 - INFO -Leo : model OneClassSVM created successfully, cost time: 0:00:00.171911 seconds ---
2020-01-16 11:19:23,677 - INFO -Leo : model RobustCovariance created successfully, cost time: 0:00:05.308471 seconds ---
2020-01-16 11:19:24,421 - INFO -Leo : model IsolationForest created successfully, cost time: 0:00:00.743929 seconds ---
